c:\users\razvan\desktop\mini city automatica\proiect grafica\debug\vc142.pdb
c:\users\razvan\desktop\mini city automatica\proiect grafica\debug\vc142.idb
c:\users\razvan\desktop\mini city automatica\proiect grafica\debug\tree.obj
c:\users\razvan\desktop\mini city automatica\proiect grafica\debug\trafficlight.obj
c:\users\razvan\desktop\mini city automatica\proiect grafica\debug\texture.obj
c:\users\razvan\desktop\mini city automatica\proiect grafica\debug\scene.obj
c:\users\razvan\desktop\mini city automatica\proiect grafica\debug\road.obj
c:\users\razvan\desktop\mini city automatica\proiect grafica\debug\objloader.obj
c:\users\razvan\desktop\mini city automatica\proiect grafica\debug\myscene.obj
c:\users\razvan\desktop\mini city automatica\proiect grafica\debug\main.obj
c:\users\razvan\desktop\mini city automatica\proiect grafica\debug\light.obj
c:\users\razvan\desktop\mini city automatica\proiect grafica\debug\engine.obj
c:\users\razvan\desktop\mini city automatica\proiect grafica\debug\carstop.obj
c:\users\razvan\desktop\mini city automatica\proiect grafica\debug\carrun.obj
c:\users\razvan\desktop\mini city automatica\proiect grafica\debug\camera.obj
c:\users\razvan\desktop\mini city automatica\proiect grafica\debug\building.obj
c:\users\razvan\desktop\mini city automatica\proiect grafica\debug\billboard.obj
c:\users\razvan\desktop\mini city automatica\proiect grafica\debug\proiectgrafica.ilk
c:\users\razvan\desktop\mini city automatica\proiect grafica\debug\proiectgrafica.exe
c:\users\razvan\desktop\mini city automatica\proiect grafica\debug\proiectgrafica.pdb
c:\users\razvan\desktop\mini city automatica\proiect grafica\debug\proiectgrafica.tlog\cl.command.1.tlog
c:\users\razvan\desktop\mini city automatica\proiect grafica\debug\proiectgrafica.tlog\cl.read.1.tlog
c:\users\razvan\desktop\mini city automatica\proiect grafica\debug\proiectgrafica.tlog\cl.write.1.tlog
c:\users\razvan\desktop\mini city automatica\proiect grafica\debug\proiectgrafica.tlog\link.command.1.tlog
c:\users\razvan\desktop\mini city automatica\proiect grafica\debug\proiectgrafica.tlog\link.read.1.tlog
c:\users\razvan\desktop\mini city automatica\proiect grafica\debug\proiectgrafica.tlog\link.write.1.tlog
